12-05-2023 00:04:43.950 [restartedMain] INFO  c.e.bookflix.BookflixApplication.logStarting Starting BookflixApplication using Java 11.0.18 on Satvika with PID 12185 (/home/satvika/Documents/Bookflix/backend/target/classes started by satvika in /home/satvika/Documents/Bookflix)
12-05-2023 00:04:43.953 [restartedMain] INFO  c.e.bookflix.BookflixApplication.logStartupProfileInfo No active profile set, falling back to 1 default profile: "default"
12-05-2023 00:05:13.614 [restartedMain] ERROR o.s.b.d.LoggingFailureAnalysisReporter.report 

***************************
APPLICATION FAILED TO START
***************************

Description:

Web server failed to start. Port 9090 was already in use.

Action:

Identify and stop the process that's listening on port 9090 or configure this application to listen on another port.

12-05-2023 00:05:33.780 [restartedMain] INFO  c.e.bookflix.BookflixApplication.logStarting Starting BookflixApplication using Java 11.0.18 on Satvika with PID 12739 (/home/satvika/Documents/Bookflix/backend/target/classes started by satvika in /home/satvika/Documents/Bookflix)
12-05-2023 00:05:33.782 [restartedMain] INFO  c.e.bookflix.BookflixApplication.logStartupProfileInfo No active profile set, falling back to 1 default profile: "default"
12-05-2023 00:05:58.924 [restartedMain] INFO  c.e.bookflix.BookflixApplication.logStarted Started BookflixApplication in 25.773 seconds (JVM running for 26.313)
12-05-2023 00:06:25.300 [http-nio-9090-exec-1] INFO  c.e.bookflix.home.HomeController.home No user logged in
12-05-2023 00:06:33.736 [http-nio-9090-exec-7] INFO  c.e.bookflix.home.HomeController.home User logged in with user id- satvi4
12-05-2023 00:06:35.214 [http-nio-9090-exec-7] INFO  c.e.bookflix.home.HomeController.lambda$0 Book fetched...
12-05-2023 00:06:35.214 [http-nio-9090-exec-7] INFO  c.e.bookflix.home.HomeController.lambda$0 Book fetched...
12-05-2023 00:06:35.215 [http-nio-9090-exec-7] INFO  c.e.bookflix.home.HomeController.lambda$0 Book fetched...
12-05-2023 00:06:42.539 [http-nio-9090-exec-9] INFO  c.e.bookflix.home.HomeController.home User logged in with user id- satvi4
12-05-2023 00:06:42.945 [http-nio-9090-exec-9] INFO  c.e.bookflix.home.HomeController.lambda$0 Book fetched...
12-05-2023 00:06:42.946 [http-nio-9090-exec-9] INFO  c.e.bookflix.home.HomeController.lambda$0 Book fetched...
12-05-2023 00:06:42.947 [http-nio-9090-exec-9] INFO  c.e.bookflix.home.HomeController.lambda$0 Book fetched...
12-05-2023 00:06:49.686 [http-nio-9090-exec-1] INFO  c.e.bookflix.search.SearchController.getSearchResults Getting search results for...love hypothesis
